<?xml version="1.0" encoding="UTF-8" ?>
<testsuite errors="2" failures="9" hostname="labAJ4H0X" name="chatsTest" skipped="0" tests="11" time="88.319" timestamp="2025-05-25T20:51:28">
  <properties>
[...]
</properties>
  <testcase classname="chatsTest" name="testMessageLoop" time="70.765">
    <failure message="The test case is a prototype." type="junit.framework.AssertionFailedError">junit.framework.AssertionFailedError: The test case is a prototype.
	at chatsTest.testMessageLoop(Unknown Source)
	at java.base/jdk.internal.reflect.DirectMethodHandleAccessor.invoke(DirectMethodHandleAccessor.java:103)
</failure>
  </testcase>
  <testcase classname="chatsTest" name="testMain" time="0.04">
    <failure message="The test case is a prototype." type="junit.framework.AssertionFailedError">junit.framework.AssertionFailedError: The test case is a prototype.
	at chatsTest.testMain(Unknown Source)
	at java.base/jdk.internal.reflect.DirectMethodHandleAccessor.invoke(DirectMethodHandleAccessor.java:103)
</failure>
  </testcase>
  <testcase classname="chatsTest" name="testCollectMessages" time="2.756">
    <failure message="The test case is a prototype." type="junit.framework.AssertionFailedError">junit.framework.AssertionFailedError: The test case is a prototype.
	at chatsTest.testCollectMessages(Unknown Source)
	at java.base/jdk.internal.reflect.DirectMethodHandleAccessor.invoke(DirectMethodHandleAccessor.java:103)
</failure>
  </testcase>
  <testcase classname="chatsTest" name="testMessPrint" time="1.505">
    <failure message="The test case is a prototype." type="junit.framework.AssertionFailedError">junit.framework.AssertionFailedError: The test case is a prototype.
	at chatsTest.testMessPrint(Unknown Source)
	at java.base/jdk.internal.reflect.DirectMethodHandleAccessor.invoke(DirectMethodHandleAccessor.java:103)
</failure>
  </testcase>
  <testcase classname="chatsTest" name="testMessTotal" time="1.432">
    <failure message="The test case is a prototype." type="junit.framework.AssertionFailedError">junit.framework.AssertionFailedError: The test case is a prototype.
	at chatsTest.testMessTotal(Unknown Source)
	at java.base/jdk.internal.reflect.DirectMethodHandleAccessor.invoke(DirectMethodHandleAccessor.java:103)
</failure>
  </testcase>
  <testcase classname="chatsTest" name="testFeatureComing" time="1.098">
    <failure message="The test case is a prototype." type="junit.framework.AssertionFailedError">junit.framework.AssertionFailedError: The test case is a prototype.
	at chatsTest.testFeatureComing(Unknown Source)
	at java.base/jdk.internal.reflect.DirectMethodHandleAccessor.invoke(DirectMethodHandleAccessor.java:103)
</failure>
  </testcase>
  <testcase classname="chatsTest" name="testMessHash" time="0.023">
    <error message="Range [0, 2) out of bounds for length 0" type="java.lang.StringIndexOutOfBoundsException">java.lang.StringIndexOutOfBoundsException: Range [0, 2) out of bounds for length 0
	at java.base/jdk.internal.util.Preconditions$1.apply(Preconditions.java:55)
	at java.base/jdk.internal.util.Preconditions$1.apply(Preconditions.java:52)
	at java.base/jdk.internal.util.Preconditions$4.apply(Preconditions.java:213)
	at java.base/jdk.internal.util.Preconditions$4.apply(Preconditions.java:210)
	at java.base/jdk.internal.util.Preconditions.outOfBounds(Preconditions.java:98)
	at java.base/jdk.internal.util.Preconditions.outOfBoundsCheckFromToIndex(Preconditions.java:112)
	at java.base/jdk.internal.util.Preconditions.checkFromToIndex(Preconditions.java:349)
	at java.base/java.lang.String.checkBoundsBeginEnd(String.java:4865)
	at java.base/java.lang.String.substring(String.java:2834)
	at chats.messHash(Unknown Source)
	at chatsTest.testMessHash(Unknown Source)
	at java.base/jdk.internal.reflect.DirectMethodHandleAccessor.invoke(DirectMethodHandleAccessor.java:103)
</error>
  </testcase>
  <testcase classname="chatsTest" name="testWelcome" time="0.007">
    <error message="Cannot invoke &quot;javax.swing.ImageIcon.getImage()&quot; because &quot;&lt;parameter2&gt;&quot; is null" type="java.lang.NullPointerException">java.lang.NullPointerException: Cannot invoke &quot;javax.swing.ImageIcon.getImage()&quot; because &quot;&lt;parameter2&gt;&quot; is null
	at chats.Welcome(Unknown Source)
	at chatsTest.testWelcome(Unknown Source)
	at java.base/jdk.internal.reflect.DirectMethodHandleAccessor.invoke(DirectMethodHandleAccessor.java:103)
</error>
  </testcase>
  <testcase classname="chatsTest" name="testMessJSONsave" time="2.525">
    <failure message="The test case is a prototype." type="junit.framework.AssertionFailedError">junit.framework.AssertionFailedError: The test case is a prototype.
	at chatsTest.testMessJSONsave(Unknown Source)
	at java.base/jdk.internal.reflect.DirectMethodHandleAccessor.invoke(DirectMethodHandleAccessor.java:103)
</failure>
  </testcase>
  <testcase classname="chatsTest" name="testMessReview" time="8.035">
    <failure message="The test case is a prototype." type="junit.framework.AssertionFailedError">junit.framework.AssertionFailedError: The test case is a prototype.
	at chatsTest.testMessReview(Unknown Source)
	at java.base/jdk.internal.reflect.DirectMethodHandleAccessor.invoke(DirectMethodHandleAccessor.java:103)
</failure>
  </testcase>
  <testcase classname="chatsTest" name="testMessID" time="0.018">
    <failure message="expected: &lt;&gt; but was: &lt;9155290001&gt;" type="junit.framework.AssertionFailedError">junit.framework.AssertionFailedError: expected: &lt;&gt; but was: &lt;9155290001&gt;
	at chatsTest.testMessID(Unknown Source)
	at java.base/jdk.internal.reflect.DirectMethodHandleAccessor.invoke(DirectMethodHandleAccessor.java:103)
</failure>
  </testcase>
  <system-out><![CDATA[messageLoop
main
collectMessages
messPrint
messTotal
featureComing
messHash
Welcome
messJSONsave
messReview
messID
]]></system-out>
  <system-err><![CDATA[]]></system-err>
</testsuite>
